<?xml version="1.0" encoding="UTF-8"?>
<testsuite xmlns:xsi="http://www.w3.org/2001/XMLSchema-instance" xsi:noNamespaceSchemaLocation="https://maven.apache.org/surefire/maven-surefire-plugin/xsd/surefire-test-report.xsd" name="com.sdut.covid19.Covid19ApplicationTests" time="10.298" tests="3" errors="0" skipped="0" failures="0">
  <properties>
[...]
</properties>
  <testcase name="getCurrentTime" classname="com.sdut.covid19.Covid19ApplicationTests" time="0.269"/>
  <testcase name="test" classname="com.sdut.covid19.Covid19ApplicationTests" time="3.777"/>
  <testcase name="contextLoads" classname="com.sdut.covid19.Covid19ApplicationTests" time="0.162"/>
</testsuite>